[    0.000000] Initializing cgroup subsys cpuset
[    0.000000] Initializing cgroup subsys cpu
[    0.000000] Initializing cgroup subsys cpuacct
[    0.000000] Linux version 4.4.0-210-generic (buildd@lgw01-amd64-009) (gcc version 5.4.0 20160609 (Ubuntu 5.4.0-6ubuntu1~16.04.12) ) #242-Ubuntu SMP Fri Apr 16 09:57:56 UTC 2021 (Ubuntu 4.4.0-210.242-generic 4.4.262)
[    0.000000] Command line: BOOT_IMAGE=/boot/vmlinuz-4.4.0-210-generic root=LABEL=cloudimg-rootfs ro console=tty1 console=ttyS0
[    0.000000] KERNEL supported cpus:
[    0.000000]   Intel GenuineIntel
[    0.000000]   AMD AuthenticAMD
[    0.000000]   Centaur CentaurHauls
[    0.000000] x86/fpu: Legacy x87 FPU detected.
[    0.000000] e820: BIOS-provided physical RAM map:
[    0.000000] BIOS-e820: [mem 0x0000000000000000-0x000000000009fbff] usable
[    0.000000] BIOS-e820: [mem 0x000000000009fc00-0x000000000009ffff] reserved
[    0.000000] BIOS-e820: [mem 0x00000000000f0000-0x00000000000fffff] reserved
[    0.000000] BIOS-e820: [mem 0x0000000000100000-0x000000007ffeffff] usable
[    0.000000] BIOS-e820: [mem 0x000000007fff0000-0x000000007fffffff] ACPI data
[    0.000000] BIOS-e820: [mem 0x00000000fec00000-0x00000000fec00fff] reserved
[    0.000000] BIOS-e820: [mem 0x00000000fee00000-0x00000000fee00fff] reserved
[    0.000000] BIOS-e820: [mem 0x00000000fffc0000-0x00000000ffffffff] reserved
[    0.000000] NX (Execute Disable) protection: active
[    0.000000] SMBIOS 2.5 present.
[    0.000000] Hypervisor detected: KVM
[    0.000000] e820: last_pfn = 0x7fff0 max_arch_pfn = 0x400000000
[    0.000000] x86/PAT: Configuration [0-7]: WB  WC  UC- UC  WB  WC  UC- WT  
[    0.000000] CPU MTRRs all blank - virtualized system.
[    0.000000] found SMP MP-table at [mem 0x0009fbf0-0x0009fbff] mapped at [ffff88000009fbf0]
[    0.000000] Scanning 1 areas for low memory corruption
[    0.000000] RAMDISK: [mem 0x362dc000-0x37165fff]
[    0.000000] ACPI: Early table checksum verification disabled
[    0.000000] ACPI: RSDP 0x00000000000E0000 000024 (v02 VBOX  )
[    0.000000] ACPI: XSDT 0x000000007FFF0030 00003C (v01 VBOX   VBOXXSDT 00000001 ASL  00000061)
[    0.000000] ACPI: FACP 0x000000007FFF00F0 0000F4 (v04 VBOX   VBOXFACP 00000001 ASL  00000061)
[    0.000000] ACPI: DSDT 0x000000007FFF0610 002353 (v02 VBOX   VBOXBIOS 00000002 INTL 20100528)
[    0.000000] ACPI: FACS 0x000000007FFF0200 000040
[    0.000000] ACPI: FACS 0x000000007FFF0200 000040
[    0.000000] ACPI: APIC 0x000000007FFF0240 00005C (v02 VBOX   VBOXAPIC 00000001 ASL  00000061)
[    0.000000] ACPI: SSDT 0x000000007FFF02A0 00036C (v01 VBOX   VBOXCPUT 00000002 INTL 20100528)
[    0.000000] No NUMA configuration found
[    0.000000] Faking a node at [mem 0x0000000000000000-0x000000007ffeffff]
[    0.000000] NODE_DATA(0) allocated [mem 0x7ffeb000-0x7ffeffff]
[    0.000000] kvm-clock: Using msrs 4b564d01 and 4b564d00
[    0.000000] kvm-clock: cpu 0, msr 0:7ffe3001, primary cpu clock
[    0.000000] kvm-clock: using sched offset of 4246483431 cycles
[    0.000000] clocksource: kvm-clock: mask: 0xffffffffffffffff max_cycles: 0x1cd42e4dffb, max_idle_ns: 881590591483 ns
[    0.000000] Zone ranges:
[    0.000000]   DMA      [mem 0x0000000000001000-0x0000000000ffffff]
[    0.000000]   DMA32    [mem 0x0000000001000000-0x000000007ffeffff]
[    0.000000]   Normal   empty
[    0.000000]   Device   empty
[    0.000000] Movable zone start for each node
[    0.000000] Early memory node ranges
[    0.000000]   node   0: [mem 0x0000000000001000-0x000000000009efff]
[    0.000000]   node   0: [mem 0x0000000000100000-0x000000007ffeffff]
[    0.000000] Initmem setup node 0 [mem 0x0000000000001000-0x000000007ffeffff]
[    0.000000] ACPI: PM-Timer IO Port: 0x4008
[    0.000000] IOAPIC[0]: apic_id 2, version 32, address 0xfec00000, GSI 0-23
[    0.000000] ACPI: INT_SRC_OVR (bus 0 bus_irq 0 global_irq 2 dfl dfl)
[    0.000000] ACPI: INT_SRC_OVR (bus 0 bus_irq 9 global_irq 9 low level)
[    0.000000] Using ACPI (MADT) for SMP configuration information
[    0.000000] smpboot: Allowing 2 CPUs, 0 hotplug CPUs
[    0.000000] PM: Registered nosave memory: [mem 0x00000000-0x00000fff]
[    0.000000] PM: Registered nosave memory: [mem 0x0009f000-0x0009ffff]
[    0.000000] PM: Registered nosave memory: [mem 0x000a0000-0x000effff]
[    0.000000] PM: Registered nosave memory: [mem 0x000f0000-0x000fffff]
[    0.000000] e820: [mem 0x80000000-0xfebfffff] available for PCI devices
[    0.000000] Booting paravirtualized kernel on KVM
[    0.000000] clocksource: refined-jiffies: mask: 0xffffffff max_cycles: 0xffffffff, max_idle_ns: 7645519600211568 ns
[    0.000000] setup_percpu: NR_CPUS:512 nr_cpumask_bits:512 nr_cpu_ids:2 nr_node_ids:1
[    0.000000] PERCPU: Embedded 33 pages/cpu @ffff88007fc00000 s95192 r8192 d31784 u1048576
[    0.000000] Built 1 zonelists in Node order, mobility grouping on.  Total pages: 515960
[    0.000000] Policy zone: DMA32
[    0.000000] Kernel command line: BOOT_IMAGE=/boot/vmlinuz-4.4.0-210-generic root=LABEL=cloudimg-rootfs ro console=tty1 console=ttyS0
[    0.000000] PID hash table entries: 4096 (order: 3, 32768 bytes)
[    0.000000] Memory: 2029984K/2096696K available (8644K kernel code, 1332K rwdata, 4044K rodata, 1492K init, 1164K bss, 66712K reserved, 0K cma-reserved)
[    0.000000] SLUB: HWalign=64, Order=0-3, MinObjects=0, CPUs=2, Nodes=1
[    0.000000] Kernel/User page tables isolation: enabled
[    0.000000] Hierarchical RCU implementation.
[    0.000000] 	Build-time adjustment of leaf fanout to 64.
[    0.000000] 	RCU restricting CPUs from NR_CPUS=512 to nr_cpu_ids=2.
[    0.000000] RCU: Adjusting geometry for rcu_fanout_leaf=64, nr_cpu_ids=2
[    0.000000] NR_IRQS:33024 nr_irqs:440 16
[    0.000000] Console: colour VGA+ 80x25
[    0.000000] console [tty1] enabled
[    0.000000] console [ttyS0] enabled
[    0.000000] tsc: Detected 2399.998 MHz processor
[    2.289270] Calibrating delay loop (skipped) preset value.. 4799.99 BogoMIPS (lpj=9599992)
[    2.315919] pid_max: default: 32768 minimum: 301
[    2.330264] ACPI: Core revision 20150930
[    2.344908] ACPI: 2 ACPI AML tables successfully acquired and loaded
[    2.368900] Security Framework initialized
[    2.382354] Yama: becoming mindful.
[    2.393859] AppArmor: AppArmor initialized
[    2.406944] Dentry cache hash table entries: 262144 (order: 9, 2097152 bytes)
[    2.441232] Inode-cache hash table entries: 131072 (order: 8, 1048576 bytes)
[    2.470634] Mount-cache hash table entries: 4096 (order: 3, 32768 bytes)
[    2.491232] Mountpoint-cache hash table entries: 4096 (order: 3, 32768 bytes)
[    2.514795] Initializing cgroup subsys io
[    2.528465] Initializing cgroup subsys memory
[    2.542084] Initializing cgroup subsys devices
[    2.555802] Initializing cgroup subsys freezer
[    2.570545] Initializing cgroup subsys net_cls
[    2.584571] Initializing cgroup subsys perf_event
[    2.599168] Initializing cgroup subsys net_prio
[    2.614254] Initializing cgroup subsys hugetlb
[    2.628431] Initializing cgroup subsys pids
[    2.658319] mce: CPU supports 0 MCE banks
[    2.672046] Last level iTLB entries: 4KB 64, 2MB 8, 4MB 8
[    2.689172] Last level dTLB entries: 4KB 64, 2MB 0, 4MB 0, 1GB 4
[    2.707336] Spectre V1 : Mitigation: usercopy/swapgs barriers and __user pointer sanitization
[    2.733935] Spectre V2 : Mitigation: Full generic retpoline
[    2.751688] Spectre V2 : Spectre v2 / SpectreRSB mitigation: Filling RSB on context switch
[    2.777923] Speculative Store Bypass: Vulnerable
[    2.793043] SRBDS: Unknown: Dependent on hypervisor status
[    2.812985] MDS: Mitigation: Clear CPU buffers
[    2.954249] Freeing SMP alternatives memory: 36K
[    3.177063] ftrace: allocating 32380 entries in 127 pages
[    4.614662] smpboot: APIC(0) Converting physical 0 to logical package 0
[    4.642648] smpboot: Max logical packages: 1
[    4.680534] ..TIMER: vector=0x30 apic1=0 pin1=2 apic2=-1 pin2=-1
[    4.807930] smpboot: CPU0: Intel(R) Core(TM) i5-6200U CPU @ 2.30GHz (family: 0x6, model: 0x4e, stepping: 0x3)
[    4.847632] Performance Events: unsupported p6 CPU model 78 no PMU driver, software events only.
[    5.104749] KVM setup paravirtual spinlock
[    5.137046] x86: Booting SMP configuration:
[    5.151543] .... node  #0, CPUs:      #1
[    5.169473] kvm-clock: cpu 1, msr 0:7ffe3041, secondary cpu clock
[    5.207559] mce: CPU supports 0 MCE banks
[    5.222098] TSC synchronization [CPU#0 -> CPU#1]:
[    5.237152] Measured 111908 cycles TSC warp between CPUs, turning off TSC clock.
[    5.265365] tsc: Marking TSC unstable due to check_tsc_sync_source failed
[    1.004793] x86: Booted up 1 node, 2 CPUs
[    1.008008] smpboot: Total of 2 processors activated (9599.99 BogoMIPS)
[    1.020898] devtmpfs: initialized
[    1.030273] evm: security.selinux
[    1.032005] evm: security.SMACK64
[    1.036004] evm: security.SMACK64EXEC
[    1.040005] evm: security.SMACK64TRANSMUTE
[    1.044006] evm: security.SMACK64MMAP
[    1.048036] evm: security.ima
[    1.052005] evm: security.capability
[    1.056568] clocksource: jiffies: mask: 0xffffffff max_cycles: 0xffffffff, max_idle_ns: 7645041785100000 ns
[    1.060022] futex hash table entries: 512 (order: 3, 32768 bytes)
[    1.064554] pinctrl core: initialized pinctrl subsystem
[    1.072373] RTC time: 20:47:17, date: 01/19/25
[    1.077717] NET: Registered protocol family 16
[    1.092013] cpuidle: using governor ladder
[    1.108012] cpuidle: using governor menu
[    1.112014] PCCT header not found.
[    1.116130] ACPI: bus type PCI registered
[    1.120007] acpiphp: ACPI Hot Plug PCI Controller Driver version: 0.5
[    1.128219] PCI: Using configuration type 1 for base access
[    1.156624] ACPI: Added _OSI(Module Device)
[    1.160007] ACPI: Added _OSI(Processor Device)
[    1.164032] ACPI: Added _OSI(3.0 _SCP Extensions)
[    1.168007] ACPI: Added _OSI(Processor Aggregator Device)
[    1.174559] ACPI: Executed 1 blocks of module-level executable AML code
[    1.187042] ACPI: Interpreter enabled
[    1.188022] ACPI: (supports S0 S5)
[    1.192007] ACPI: Using IOAPIC for interrupt routing
[    1.196590] PCI: Using host bridge windows from ACPI; if necessary, use "pci=nocrs" and report a bug
[    1.214130] ACPI: PCI Root Bridge [PCI0] (domain 0000 [bus 00-ff])
[    1.216015] acpi PNP0A03:00: _OSC: OS supports [ASPM ClockPM Segments MSI]
[    1.221004] acpi PNP0A03:00: _OSC: not requesting OS control; OS requires [ExtendedConfig ASPM ClockPM MSI]
[    1.224018] acpi PNP0A03:00: fail to add MMCONFIG information, can't access extended PCI configuration space under this bridge.
[    1.229154] PCI host bridge to bus 0000:00
[    1.232010] pci_bus 0000:00: root bus resource [io  0x0000-0x0cf7 window]
[    1.236010] pci_bus 0000:00: root bus resource [io  0x0d00-0xffff window]
[    1.240011] pci_bus 0000:00: root bus resource [mem 0x000a0000-0x000bffff window]
[    1.244009] pci_bus 0000:00: root bus resource [mem 0x80000000-0xfdffffff window]
[    1.248009] pci_bus 0000:00: root bus resource [bus 00-ff]
[    1.265204] pci 0000:00:01.1: legacy IDE quirk: reg 0x10: [io  0x01f0-0x01f7]
[    1.272011] pci 0000:00:01.1: legacy IDE quirk: reg 0x14: [io  0x03f6]
[    1.276011] pci 0000:00:01.1: legacy IDE quirk: reg 0x18: [io  0x0170-0x0177]
[    1.280008] pci 0000:00:01.1: legacy IDE quirk: reg 0x1c: [io  0x0376]
[    1.314458] pci 0000:00:07.0: quirk: [io  0x4000-0x403f] claimed by PIIX4 ACPI
[    1.316100] pci 0000:00:07.0: quirk: [io  0x4100-0x410f] claimed by PIIX4 SMB
[    1.339152] ACPI: PCI Interrupt Link [LNKA] (IRQs 5 9 10 *11)
[    1.354765] ACPI: PCI Interrupt Link [LNKB] (IRQs 5 9 *10 11)
[    1.376172] ACPI: PCI Interrupt Link [LNKC] (IRQs 5 *9 10 11)
[    1.388335] ACPI: PCI Interrupt Link [LNKD] (IRQs 5 9 10 *11)
[    1.404468] ACPI: Enabled 2 GPEs in block 00 to 07
[    1.412360] vgaarb: setting as boot device: PCI:0000:00:02.0
[    1.416000] vgaarb: device added: PCI:0000:00:02.0,decodes=io+mem,owns=io+mem,locks=none
[    1.416010] vgaarb: loaded
[    1.420008] vgaarb: bridge control possible 0000:00:02.0
[    1.424602] SCSI subsystem initialized
[    1.428335] ACPI: bus type USB registered
[    1.432073] usbcore: registered new interface driver usbfs
[    1.436062] usbcore: registered new interface driver hub
[    1.440060] usbcore: registered new device driver usb
[    1.448769] PCI: Using ACPI for IRQ routing
[    1.456756] NetLabel: Initializing
[    1.460006] NetLabel:  domain hash size = 128
[    1.464005] NetLabel:  protocols = UNLABELED CIPSOv4
[    1.468025] NetLabel:  unlabeled traffic allowed by default
[    1.472219] amd_nb: Cannot enumerate AMD northbridges
[    1.476441] clocksource: Switched to clocksource kvm-clock
[    1.500627] AppArmor: AppArmor Filesystem Enabled
[    1.500627] pnp: PnP ACPI init
[    1.500627] pnp: PnP ACPI: found 3 devices
[    1.649467] clocksource: acpi_pm: mask: 0xffffff max_cycles: 0xffffff, max_idle_ns: 2085701024 ns
[    1.677688] NET: Registered protocol family 2
[    1.697006] TCP established hash table entries: 16384 (order: 5, 131072 bytes)
[    1.700395] TCP bind hash table entries: 16384 (order: 6, 262144 bytes)
[    1.700395] TCP: Hash tables configured (established 16384 bind 16384)
[    1.700395] UDP hash table entries: 1024 (order: 3, 32768 bytes)
[    1.700395] UDP-Lite hash table entries: 1024 (order: 3, 32768 bytes)
[    1.700395] NET: Registered protocol family 1
[    1.700395] pci 0000:00:00.0: Limiting direct PCI/PCI transfers
[    1.700395] pci 0000:00:01.0: Activating ISA DMA hang workarounds
[    1.700395] Unpacking initramfs...
[    2.310829] Freeing initrd memory: 14888K
[    2.310829] clocksource: tsc: mask: 0xffffffffffffffff max_cycles: 0x229835b7123, max_idle_ns: 440795242976 ns
[    2.310829] platform rtc_cmos: registered platform RTC device (no PNP device found)
[    2.310829] Scanning for low memory corruption every 60 seconds
[    2.490188] audit: initializing netlink subsys (disabled)
[    2.510748] audit: type=2000 audit(1737319640.374:1): initialized
[    2.534347] Initialise system trusted keyring
[    2.552328] HugeTLB registered 2 MB page size, pre-allocated 0 pages
[    2.577073] zbud: loaded
[    2.587370] VFS: Disk quotas dquot_6.6.0
[    2.600967] VFS: Dquot-cache hash table entries: 512 (order 0, 4096 bytes)
[    2.604800] squashfs: version 4.0 (2009/01/31) Phillip Lougher
[    2.648053] fuse init (API version 7.23)
[    2.663374] Key type big_key registered
[    2.667013] Allocating IMA MOK and blacklist keyrings.
[    2.722033] Key type asymmetric registered
[    2.735123] Asymmetric key parser 'x509' registered
[    2.750689] Block layer SCSI generic (bsg) driver version 0.4 loaded (major 249)
[    2.777095] io scheduler noop registered
[    2.793018] io scheduler deadline registered (default)
[    2.814435] io scheduler cfq registered
[    2.829581] pci_hotplug: PCI Hot Plug PCI Core version: 0.5
[    2.850645] pciehp: PCI Express Hot Plug Controller Driver version: 0.4
[    2.875774] ACPI: AC Adapter [AC] (on-line)
[    2.892635] input: Power Button as /devices/LNXSYSTM:00/LNXPWRBN:00/input/input0
[    2.919181] ACPI: Power Button [PWRF]
[    2.931507] input: Sleep Button as /devices/LNXSYSTM:00/LNXSLPBN:00/input/input1
[    2.935219] ACPI: Sleep Button [SLPF]
[    2.972746] GHES: HEST is not enabled!
[    2.975262] ACPI: Battery Slot [BAT0] (battery present)
[    3.003235] Serial: 8250/16550 driver, 32 ports, IRQ sharing enabled
[    3.053130] 00:02: ttyS0 at I/O 0x3f8 (irq = 4, base_baud = 115200) is a 16550A
[    3.106916] Linux agpgart interface v0.103
[    3.146749] loop: module loaded
[    3.161302] scsi host0: ata_piix
[    3.174575] scsi host1: ata_piix
[    3.188265] ata1: PATA max UDMA/33 cmd 0x1f0 ctl 0x3f6 bmdma 0xd000 irq 14
[    3.192119] ata2: PATA max UDMA/33 cmd 0x170 ctl 0x376 bmdma 0xd008 irq 15
[    3.244371] libphy: Fixed MDIO Bus: probed
[    3.268998] tun: Universal TUN/TAP device driver, 1.6
[    3.300265] tun: (C) 1999-2004 Max Krasnyansky <maxk@qualcomm.com>
[    3.333153] PPP generic driver version 2.4.2
[    3.353958] ehci_hcd: USB 2.0 'Enhanced' Host Controller (EHCI) Driver
[    3.382874] ehci-pci: EHCI PCI platform driver
[    3.406809] ehci-platform: EHCI generic platform driver
[    3.444798] ohci_hcd: USB 1.1 'Open' Host Controller (OHCI) Driver
[    3.468364] ohci-pci: OHCI PCI platform driver
[    3.472286] ohci-platform: OHCI generic platform driver
[    3.499495] uhci_hcd: USB Universal Host Controller Interface driver
[    3.523013] i8042: PNP: PS/2 Controller [PNP0303:PS2K,PNP0f03:PS2M] at 0x60,0x64 irq 1,12
[    3.555016] serio: i8042 KBD port at 0x60,0x64 irq 1
[    3.556306] serio: i8042 AUX port at 0x60,0x64 irq 12
[    3.597511] mousedev: PS/2 mouse device common for all mice
[    3.626509] input: AT Translated Set 2 keyboard as /devices/platform/i8042/serio0/input/input2
[    3.660919] rtc_cmos rtc_cmos: rtc core: registered rtc_cmos as rtc0
[    3.683300] rtc_cmos rtc_cmos: alarms up to one day, 114 bytes nvram
[    3.707664] i2c /dev entries driver
[    3.711579] device-mapper: uevent: version 1.0.3
[    3.736916] device-mapper: ioctl: 4.34.0-ioctl (2015-10-28) initialised: dm-devel@redhat.com
[    3.766510] ledtrig-cpu: registered to indicate activity on CPUs
[    3.794636] NET: Registered protocol family 10
[    3.813446] NET: Registered protocol family 17
[    3.832494] Key type dns_resolver registered
[    3.850569] registered taskstats version 1
[    3.866450] Loading compiled-in X.509 certificates
[    3.870361] Loaded X.509 cert 'Build time autogenerated kernel key: cf00e047681d67edb2720680708b7d9498083038'
[    3.870361] zswap: loaded using pool lzo/zbud
[    3.945092] Key type trusted registered
[    3.974621] Key type encrypted registered
[    3.989909] AppArmor: AppArmor sha1 policy hashing enabled
[    4.011476] ima: No TPM chip found, activating TPM-bypass!
[    4.031671] ima: Allocated hash algorithm: sha1
[    4.050435] evm: HMAC attrs: 0x1
[    4.063788]   Magic number: 9:754:801
[    4.077774] acpi PNP0F03:00: hash matches
[    4.092493] rtc_cmos rtc_cmos: setting system clock to 2025-01-19 20:47:21 UTC (1737319641)
[    4.126071] BIOS EDD facility v0.16 2004-Jun-25, 0 devices found
[    4.150060] EDD information not available.
[    4.170849] Freeing unused kernel memory: 1492K
[    4.200550] Write protecting the kernel read-only data: 14336k
[    4.221092] Freeing unused kernel memory: 1584K
[    4.236565] Freeing unused kernel memory: 52K
Loading, please wait...
starting version 229
[    4.298463] random: systemd-udevd: uninitialized urandom read (16 bytes read, 10 bits of entropy available)
[    4.301077] random: udevadm: uninitialized urandom read (16 bytes read, 10 bits of entropy available)
[    4.301119] random: udevadm: uninitialized urandom read (16 bytes read, 10 bits of entropy available)
[    4.323458] random: udevadm: uninitialized urandom read (16 bytes read, 10 bits of entropy available)
[    4.323540] random: udevadm: uninitialized urandom read (16 bytes read, 10 bits of entropy available)
[    4.323953] random: udevadm: uninitialized urandom read (16 bytes read, 10 bits of entropy available)
[    4.324118] random: udevadm: uninitialized urandom read (16 bytes read, 10 bits of entropy available)
[    4.324321] random: udevadm: uninitialized urandom read (16 bytes read, 10 bits of entropy available)
[    4.324427] random: udevadm: uninitialized urandom read (16 bytes read, 10 bits of entropy available)
[    4.324531] random: udevadm: uninitialized urandom read (16 bytes read, 10 bits of entropy available)
[    4.785793] e1000: Intel(R) PRO/1000 Network Driver - version 7.3.21-k8-NAPI
[    4.821336] e1000: Copyright (c) 1999-2006 Intel Corporation.
[    4.849068] Fusion MPT base driver 3.04.20
[    4.869248] Copyright (c) 1999-2008 LSI Corporation
[    4.909049] Fusion MPT SPI Host driver 3.04.20
[    4.996886] SSE version of gcm_enc/dec engaged.
[    5.289400] input: ImExPS/2 Generic Explorer Mouse as /devices/platform/i8042/serio1/input/input4
[    5.849373] e1000 0000:00:03.0 eth0: (PCI:33MHz:32-bit) 02:be:82:6b:cc:1d
[    5.882954] e1000 0000:00:03.0 eth0: Intel(R) PRO/1000 Network Connection
[    6.795235] e1000 0000:00:08.0 eth1: (PCI:33MHz:32-bit) 08:00:27:9f:04:0c
[    6.828955] e1000 0000:00:08.0 eth1: Intel(R) PRO/1000 Network Connection
[    6.867934] e1000 0000:00:03.0 enp0s3: renamed from eth0
[    6.872804] mptbase: ioc0: Initiating bringup
[    6.924702] e1000 0000:00:08.0 enp0s8: renamed from eth1
[    7.426553] ioc0: LSI53C1030 A0: Capabilities={Initiator}
[    8.520869] scsi host2: ioc0: LSI53C1030 A0, FwRev=00000000h, Ports=1, MaxQ=256, IRQ=20
[    8.815613] scsi 2:0:0:0: Direct-Access     VBOX     HARDDISK         1.0  PQ: 0 ANSI: 5
[    8.869860] scsi target2:0:0: Beginning Domain Validation
[    8.907466] scsi target2:0:0: Domain Validation skipping write tests
[    8.934563] scsi target2:0:0: Ending Domain Validation
[    8.957494] scsi target2:0:0: asynchronous
[    8.976262] scsi 2:0:1:0: Direct-Access     VBOX     HARDDISK         1.0  PQ: 0 ANSI: 5
[    9.003396] scsi target2:0:1: Beginning Domain Validation
[    9.040820] scsi target2:0:1: Domain Validation skipping write tests
[    9.091930] scsi target2:0:1: Ending Domain Validation
[    9.120387] scsi target2:0:1: asynchronous
[    9.196787] sd 2:0:0:0: Attached scsi generic sg0 type 0
[    9.197512] sd 2:0:0:0: [sda] 83886080 512-byte logical blocks: (42.9 GB/40.0 GiB)
[    9.198996] sd 2:0:0:0: [sda] Write Protect is off
[    9.199902] sd 2:0:0:0: [sda] Incomplete mode parameter data
[    9.199904] sd 2:0:0:0: [sda] Assuming drive cache: write through
[    9.327348] sd 2:0:1:0: Attached scsi generic sg1 type 0
[    9.328941] sd 2:0:1:0: [sdb] 20480 512-byte logical blocks: (10.5 MB/10.0 MiB)
[    9.330641] sd 2:0:1:0: [sdb] Write Protect is off
[    9.331805] sd 2:0:1:0: [sdb] Incomplete mode parameter data
[    9.331807] sd 2:0:1:0: [sdb] Assuming drive cache: write through
[    9.435491]  sda: sda1
[    9.441600] sd 2:0:0:0: [sda] Attached SCSI disk
[    9.477968] sd 2:0:1:0: [sdb] Attached SCSI disk
Begin: Loading essential drivers ... [   11.238249] md: linear personality registered for level -1
[   11.270901] md: multipath personality registered for level -4
[   11.302790] md: raid0 personality registered for level 0
[   11.358166] md: raid1 personality registered for level 1
[   11.692500] raid6: sse2x1   gen() 36352 MB/s
[   13.689571] raid6: sse2x1   xor() 104911 MB/s
[   15.682247] raid6: sse2x2   gen() 164989 MB/s
[   16.693137] raid6: sse2x2   xor() 117745 MB/s
[   17.771343] raid6: sse2x4   gen() 13508 MB/s
[   17.866574] raid6: sse2x4   xor()  8446 MB/s
[   17.885495] raid6: using algorithm sse2x2 gen() 164989 MB/s
[   17.911649] raid6: .... xor() 117745 MB/s, rmw enabled
[   17.935614] raid6: using ssse3x2 recovery algorithm
[   17.963063] xor: measuring software checksum speed
[   18.024657]    prefetch64-sse: 13470.000 MB/sec
[   18.084225]    generic_sse: 15448.000 MB/sec
[   18.106445] xor: using function: generic_sse (15448.000 MB/sec)
[   18.149650] async_tx: api initialized (async)
[   18.263921] md: raid6 personality registered for level 6
[   18.287268] md: raid5 personality registered for level 5
[   18.311709] md: raid4 personality registered for level 4
[   18.367782] md: raid10 personality registered for level 10
done.
Begin: Running /scripts/init-premount ... done.
Begin: Mounting root file system ... Begin: Running /scripts/local-top ... done.
Begin: Running /scripts/local-premount ... [   18.557961] Btrfs loaded
Scanning for Btrfs filesystems
done.
Warning: fsck not present, so skipping root file system
[   18.671995] EXT4-fs (sda1): mounted filesystem with ordered data mode. Opts: (null)
done.
Begin: Running /scripts/local-bottom ... done.
Begin: Running /scripts/init-bottom ... done.
[   19.031049] systemd[1]: systemd 229 running in system mode. (+PAM +AUDIT +SELINUX +IMA +APPARMOR +SMACK +SYSVINIT +UTMP +LIBCRYPTSETUP +GCRYPT +GNUTLS +ACL +XZ -LZ4 +SECCOMP +BLKID +ELFUTILS +KMOD -IDN)
[   19.102806] systemd[1]: Detected virtualization oracle.
[   19.121147] systemd[1]: Detected architecture x86-64.

Welcome to [1mUbuntu 16.04.7 LTS[0m!

[   19.168815] systemd[1]: Set hostname to <ubuntu>.
[   19.201886] systemd[1]: Initializing machine ID from random generator.
[   19.232479] systemd[1]: Installed transient /etc/machine-id file.
[   19.466369] random: nonblocking pool is initialized
[   19.682216] systemd[1]: Listening on LVM2 poll daemon socket.
[[0;32m  OK  [0m] Listening on LVM2 poll daemon socket.
[   19.725733] systemd[1]: Listening on Syslog Socket.
[[0;32m  OK  [0m] Listening on Syslog Socket.
[   19.769140] systemd[1]: Listening on LVM2 metadata daemon socket.
[[0;32m  OK  [0m] Listening on LVM2 metadata daemon socket.
[   19.809899] systemd[1]: Listening on udev Control Socket.
[[0;32m  OK  [0m] Listening on udev Control Socket.
[   19.836934] systemd[1]: Reached target User and Group Name Lookups.
[[0;32m  OK  [0m] Reached target User and Group Name Lookups.
[   19.868735] systemd[1]: Created slice System Slice.
[[0;32m  OK  [0m] Created slice System Slice.
[   19.896796] systemd[1]: Created slice system-serial\x2dgetty.slice.
[[0;32m  OK  [0m] Created slice system-serial\x2dgetty.slice.
[   19.932461] systemd[1]: Listening on fsck to fsckd communication Socket.
[[0;32m  OK  [0m] Listening on fsck to fsckd communication Socket.
[   19.971141] systemd[1]: Reached target System Time Synchronized.
[[0;32m  OK  [0m] Reached target System Time Synchronized.
[   20.006626] systemd[1]: Listening on udev Kernel Socket.
[[0;32m  OK  [0m] Listening on udev Kernel Socket.
[   20.034402] systemd[1]: Listening on Journal Socket.
[[0;32m  OK  [0m] Listening on Journal Socket.
[   20.076670] systemd[1]: Mounting Debug File System...
         Mounting Debug File System...
[   20.123125] systemd[1]: Starting Create list of required static device nodes for the current kernel...
         Starting Create list of required st... nodes for the current kernel...
[   20.193307] systemd[1]: Starting File System Check on Root Device...
         Starting File System Check on Root Device...
[   20.257108] systemd[1]: Starting Set console keymap...
         Starting Set console keymap...
[   20.330038] systemd[1]: Starting Nameserver information manager...
         Starting Nameserver information manager...
[   20.412640] systemd[1]: Mounting Huge Pages File System...
         Mounting Huge Pages File System...
[   20.462477] systemd[1]: Set up automount Arbitrary Executable File Formats File System Automount Point.
[[0;32m  OK  [0m] Set up automount Arbitrary Executab...ats File System Automount Point.
[   20.537888] systemd[1]: Created slice User and Session Slice.
[[0;32m  OK  [0m] Created slice User and Session Slice.
[   20.581380] systemd[1]: Reached target Slices.
[[0;32m  OK  [0m] Reached target Slices.
[   20.617172] systemd[1]: Listening on Journal Socket (/dev/log).
[[0;32m  OK  [0m] Listening on Journal Socket (/dev/log).
[   20.702590] systemd[1]: Started Trigger resolvconf update for networkd DNS.
[[0;32m  OK  [0m] Started Trigger resolvconf update for networkd DNS.
[   20.789189] systemd[1]: Started Forward Password Requests to Wall Directory Watch.
[[0;32m  OK  [0m] Started Forward Password Requests to Wall Directory Watch.
[   20.842963] systemd[1]: Listening on /dev/initctl Compatibility Named Pipe.
[[0;32m  OK  [0m] Listening on /dev/initctl Compatibility Named Pipe.
[   20.896400] systemd[1]: Starting Load Kernel Modules...
         Starting Load Kernel Modules...
[   20.937772] systemd[1]: Listening on Journal Audit Socket.
[[0;32m  OK  [0m] Listening on Journal Audit Socket.
[   20.969743] Loading iSCSI transport class v2.0-870.
[   20.988797] systemd[1]: Starting Journal Service...
         Starting Journal Service...
[   21.029748] systemd[1]: Listening on Device-mapper event daemon FIFOs.
[[0;32m  OK  [0m] Listening on Device-mapper event daemon FIFOs.
[   21.073266] systemd[1]: Reached target Encrypted Volumes.
[   21.098350] iscsi: registered transport (tcp)
[[0;32m  OK  [0m] Reached target Encrypted Volumes.
[   21.161335] systemd[1]: Starting Uncomplicated firewall...
         Starting Uncomplicated firewall...
[   21.204629] systemd[1]: Starting Monitoring of LVM2 mirrors, snapshots etc. using dmeventd or progress polling...
         Starting Monitoring of LVM2 mirrors... dmeventd or progress polling...
[   21.268388] systemd[1]: Mounting POSIX Message Queue File System...
         Mounting POSIX Message Queue File System...
[   21.314891] systemd[1]: Reached target Swap.
[[0;32m  OK  [0m] Reached target Swap.
[   21.374621] systemd[1]: Mounted Huge Pages File System.
[[0;32m  OK  [0m] Mounted Huge Pages File System.
[   21.442257] systemd[1]: Mounted POSIX Message Queue File System.
[   21.481523] iscsi: registered transport (iser)
[[0;32m  OK  [0m] Mounted POSIX Message Queue File System.
[   21.517676] systemd[1]: Mounted Debug File System.
[[0;32m  OK  [0m] Mounted Debug File System.
[   21.565999] systemd[1]: Started Journal Service.
[[0;32m  OK  [0m] Started Journal Service.
[[0;32m  OK  [0m] Started Create list of required sta...ce nodes for the current kernel.
[[0;32m  OK  [0m] Started File System Check on Root Device.
[[0;32m  OK  [0m] Started Set console keymap.
[[0;32m  OK  [0m] Started Load Kernel Modules.
[[0;32m  OK  [0m] Started Uncomplicated firewall.
[[0;32m  OK  [0m] Started Nameserver information manager.
[[0;32m  OK  [0m] Started LVM2 metadata daemon.
[[0;32m  OK  [0m] Started File System Check Daemon to report status.
         Starting Apply Kernel Variables...
         Mounting FUSE Control File System...
         Starting Remount Root and Kernel File Systems...
         Starting Create Static Device Nodes in /dev...
[[0;32m  OK  [0m] Mounted FUSE Control File System.
[[0;32m  OK  [0m] Started Apply Kernel Variables.
[[0;32m  OK  [0m] Started Remount Root and Kernel File Systems.
[[0;32m  OK  [0m] Started Create Static Device Nodes in /dev.
         Starting udev Kernel Device Manager...
         Starting Load/Save Random Seed...
         Starting Flush Journal to Persistent Storage...
         Starting udev Coldplug all Devices...
[[0;32m  OK  [0m] Started Monitoring of LVM2 mirrors,...ng dmeventd or progress polling.
[[0;32m  OK  [0m] Started Load/Save Random Seed.
[[0;32m  OK  [0m] Started udev Kernel Device Manager.
[[0;32m  OK  [0m] Reached target Local File Systems (Pre).
[[0;32m  OK  [0m] Reached target Local File Systems.
         Starting Commit a transient machine-id on disk...
         Starting LSB: AppArmor initialization...
         Starting Initial cloud-init job (pre-networking)...
         Starting Tell Plymouth To Write Out Runtime Data...
         Starting Set console font and keymap...
[[0;32m  OK  [0m] Started udev Coldplug all Devices.
[[0;32m  OK  [0m] Started Commit a transient machine-id on disk.
[[0;32m  OK  [0m] Started Tell Plymouth To Write Out Runtime Data.
[[0;32m  OK  [0m] Started Dispatch Password Requests to Console Directory Watch.
[[0;32m  OK  [0m] Started Flush Journal to Persistent Storage.
         Starting Create Volatile Files and Directories...
[[0;32m  OK  [0m] Started Create Volatile Files and Directories.
         Starting Update UTMP about System Boot/Shutdown...
[[0;32m  OK  [0m] Started Update UTMP about System Boot/Shutdown.
[[0;32m  OK  [0m] Found device /dev/ttyS0.
[[0;32m  OK  [0m] Listening on Load/Save RF Kill Switch Status /dev/rfkill Watch.
[[0;32m  OK  [0m] Started Set console font and keymap.
[[0;32m  OK  [0m] Created slice system-getty.slice.
[[0;32m  OK  [0m] Started LSB: AppArmor initialization.
         Starting Load AppArmor profiles managed internally by snapd...
[[0;32m  OK  [0m] Started Load AppArmor profiles managed internally by snapd.
[   25.368394] cloud-init[495]: Cloud-init v. 21.1-19-gbad84ad4-0ubuntu1~16.04.2 running 'init-local' at Sun, 19 Jan 2025 20:47:42 +0000. Up 24.85 seconds.
[[0;32m  OK  [0m] Started Initial cloud-init job (pre-networking).
[[0;32m  OK  [0m] Reached target Network (Pre).
         Starting Raise network interfaces...
[[0;32m  OK  [0m] Started Raise network interfaces.
[[0;32m  OK  [0m] Reached target Network.
         Starting Initial cloud-init job (metadata service crawler)...
[   27.223139] cloud-init[953]: Cloud-init v. 21.1-19-gbad84ad4-0ubuntu1~16.04.2 running 'init' at Sun, 19 Jan 2025 20:47:43 +0000. Up 26.44 seconds.
[   27.241232] cloud-init[953]: ci-info: ++++++++++++++++++++++++++++++++++++++Net device info+++++++++++++++++++++++++++++++++++++++
[   27.266563] cloud-init[953]: ci-info: +--------+-------+----------------------------+---------------+--------+-------------------+
[   27.288020] cloud-init[953]: ci-info: | Device |   Up  |          Address           |      Mask     | Scope  |     Hw-Address    |
[[0;32m  OK  [0m] Started Initial cloud-init job (metadata service crawler).
[   27.314379] [[0;32m  OK  [0m] Reached target Cloud-config availability.
cloud-init[953]: ci-info: +--------+-------+----------------------------+---------------+--------+-------------------+
[   27.357860] [[0;32m  OK  [0m] Reached target Network is Online.
cloud-init[953]: ci-info: | enp0s3 |  True |         10.0.2.15          | 255.255.255.0 | global | 02:be:82:6b:cc:1d |
[   27.375943] cloud-init         Starting iSCSI initiator daemon (iscsid)...
[[0;32m  OK  [0m] Reached target System Initialization.
[[0;32m  OK  [0m] Started Daily apt download activities.
[[0;32m  OK  [0m] Listening on UUID daemon activation socket.
[953]: ci-info: | enp0s3 |  True | fe80::be:82ff:fe6b:cc1d/64 |       .       |  link  | 02:be:82:6b:cc:1d |
[   27.418306] cloud-init[953]: ci-info: | enp0s8 | False |             .              |       .       |   .    | 08:00:27:9f:04:0c |
         Starting LXD - unix socket.
[   27.425974] [cloud-init[0;32m  OK  [0m[953]: ] ci-info: |   lo   |  True |         127.0.0.1          |   255.0.0.0   |  host  |         .         |Listening on ACPID Listen Socket.

[   27.466856] [cloud-init[0;32m  OK  [0m] Started ACPI Events Check.
[[0;32m  OK  [0m] Reached target Paths.
[[0;32m  OK  [0m] Started Daily apt upgrade and clean activities.
[953]: ci-info: |   lo   |  True |          ::1/128           |       .       |  host  |         .         |
[   27.501999] cloud-init[953]: ci-info: +--------+-------+----------------------------+---------------+--------+-------------------+
[[0;32m  OK  [0m] Started Message of the Day.
         Starting Socket activation for snappy daemon.
[[0;32m  OK  [0m] Listening on D-Bus System Message Bus Socket.
[[0;32m  OK  [0m] Started Ubuntu Advantage update messaging.
[[0;32m  OK  [0m] Started Daily Cleanup of Temporary Directories.
[[0;32m  OK  [0m] Reached target Timers.
[   27.518785] cloud-init[953]: ci-info: +++++++++++++++++++++++++++Route IPv4 info++++++++++++++++++++++++++++
[   27.558036] [[0;32m  OK  [0m] Listening on LXD - unix socket.
[[0;32m  OK  [0m] Listening on Socket activation for snappy daemon.
[[0;32m  OK  [0m] Reached target Sockets.
[[0;32m  OK  [0m] Reached target Basic System.
[[0;32m  OK  [0m] Started Regular background program processing daemon.
[[0;32m  OK  [0m] Started Deferred execution scheduler.
cloud-init[[0;32m  OK  [0m] Started ACPI event daemon.
[[0;32m  OK  [0m] Started D-Bus System Message Bus.
[953]: ci-info: +-------+-------------+----------+---------------+-----------+-------+
[   27.618355] cloud-init[953]: ci-info: | Route | Destination | Gateway  |    Genmask    | Interface | Flags |
[   27.635165] cloud-init[953]: ci-info: +-------+-------------+----------+---------------+-----------+-------+
[   27.657506] cloud-init[953]: ci-info: |   0   |   0.0.0.0   | 10.0.2.2 |    0.0.0.0    |   enp0s3  |   UG  |
[   27.681178] cloud-init[953]: ci-info: |   1   |   10.0.2.0  | 0.0.0.0  | 255.255.255.0 |   enp0s3  |   U   |
         Starting LSB: MD monitoring daemon...
         Starting Accounts Service...
[   27.704620]          Starting LSB: Record successful boot for GRUB...
         Starting Virtualbox guest utils...
cloud-init         Starting Pollinate to seed the pseudo random number generator...
         Starting /etc/rc.local Compatibility...
[[0;32m  OK  [0m] Started FUSE filesystem for LXC.
         Starting Snap Daemon...
         Starting System Logging Service...
         Starting Login Service...
         Starting LXD - container startup/shutdown...
[[0;32m  OK  [0m] Started iSCSI initiator daemon (iscsid).
[953]: ci-info: +-------+-------------+----------+---------------+-----------+-------+
         Starting Login to default iSCSI targets...
[[0;32m  OK  [0m] Started /etc/rc.local Compatibility.
[   27.838823] cloud-init[953]: ci-info: +++++++++++++++++++Route IPv6 info+++++++++++++++++++
[[0;32m  OK  [0m] Started System Logging Service.
[   27.913539] cloud-init[953]: ci-info: +-------+-------------+---------+-----------+-------+
[[0;32m  OK  [0m] Started Login Service.
[   27.962577] cloud-init[953]: ci-info: | Route | Destination | Gateway | Interface | Flags |
[[0;32m  OK  [0m] Started Unattended Upgrades Shutdown.
[[0;32m  OK  [0m[   28.023891] cloud-init[953]: ci-info: +-------+-------------+---------+-----------+-------+
[   28.051976] cloud-init[953]: ci-info: |   0   |  fe80::/64  |    ::   |   enp0s3  |   U   |
[   28.069009] cloud-init[953]: ci-info: |   3   |   ff00::/8  |    ::   |   enp0s3  |   U   |
] Started LSB: Record successful boot for GRUB.[   28.069291] cloud-init[953]: ci-info: +-------+-------------+---------+-----------+-------+
[   28.090930] cloud-init[953]: Generating public/private rsa key pair.

[[0;32m  OK  [0m] Started Login to default iSCSI targets.
[   28.105191] cloud-init[953]: Your identification has been saved in /etc/ssh/ssh_host_rsa_key.
[   28.145914] cloud-init[953]: Your public key has been saved in /etc/ssh/ssh_host_rsa_key.pub.
[   28.149513] cloud-init[953]: The key fingerprint is:
[   28.152395] cloud-init[953]: SHA256:RtJBiMNno0ZD4a2jfcgfiwb/9mYoyJfE5KWi834aEYM root@ubuntu-xenial
[   28.160540] cloud-init[953]: The key's randomart image is:
[   28.160759] cloud-init[953]: +---[RSA 2048]----+
[   28.160870] cloud-init[953]: |   ooo oo        |
[   28.160971] cloud-init[953]: | . .*.=. .       |
[   28.161811] cloud-init[953]: |E o..*o.o        |
[   28.161917] cloud-init[953]: |   o+..o         |
[[   28.164400] cloud-init[953]: |  .=oo  S        |
[   28.187649] cloud-init[953]: |  o==o .         |
[   28.189767] cloud-init[953]: | oo*+.o.         |
[   28.189968] cloud-init[953]: |o o.B+ooo        |
[   28.190886] cloud-init[953]: | ++=.+++.        |
[   28.190964] cloud-init[953]: +----[SHA256]-----+
[   28.191683] cloud-init[953]: Generating public/private dsa key pair.
[   28.191734] cloud-init[953]: Your identification has been saved in /etc/ssh/ssh_host_dsa_key.
[   28.191824] cloud-init[953]: Your public key has been saved in /etc/ssh/ssh_host_dsa_key.pub.
[0;32m  OK  [0m] Started LSB: MD monitoring daemon.
[   28.258344] cloud-init[953]:          Starting Authenticate and Authorize Users to Run Privileged Tasks...
[[0;32m  OK  [0m] Reached target Remote File Systems (Pre).
[[0;32m  OK  [0m] Reached target Remote File Systems.
The key fingerprint is:         Starting LSB: Set the CPU Frequency Scaling governor to "ondemand"...
         Starting LSB: automatic crash report generation...
         Starting LSB: daemon to balance interrupts for SMP systems...
         Starting Permit User Sessions...
[[0;32m  OK  [0m] Started Permit User Sessions.

[[0;32m  OK  [0m] Started Authenticate and Authorize Users to Run Privileged Tasks.
[[0;32m  OK  [0m] Started Accounts Service.
[   28.468509] cloud-init[953]: SHA256:utxE5lHe+Itmkkxj7e+ZlECggVt+lhU948dNnANqgu0 root@ubuntu-xenial
         [   28.562440] cloud-init[953]: The key's randomart image is:
Starting Terminate Plymouth Boot Screen...
[   28.568553] cloud-init[953]: +---[DSA 1024]----+
         [   28.605607] cloud-init[953]: |     .. . .o ....|
Starting Hold until boot process finishes up...
[   28.612378] cloud-init[953]: |    . .oo.. =  oo|
[[0;32m  OK  [0m] Started LSB: Set the CPU Frequency Scaling governor to "ondemand".
[[   28.642839] cloud-init[953]: |     +.. =o+ + o.|
[   28.666767] cloud-init[953]: |    . . =+oo. o .|
[   28.667387] cloud-init[953]: |       oSE+ ..   |
[0;32m  OK  [0m] Started Virtualbox guest utils.
[[   28.667595] cloud-init[953]: |       =+..o .   |
[   28.698580] cloud-init[953]: |      .+o+  +    |
[0;32m  OK  [0m] Started Terminate Plymouth Boot Screen.
[   28.699425] cloud-init[953]: |     . ++ +o +   |
[   28.749298] [[0;32m  OK  [0m] Started LSB: automatic crash report generation.
[[0;32m  OK  [0m] Started LSB: daemon to balance interrupts for SMP systems.
[[0;32m  OK  [0m] Started Hold until boot process finishes up.
cloud-init         Starting Set console scheme...
[[0;32m  OK  [0m] Started Getty on tty1.
[[0;32m  OK  [0m] Started Serial Getty on ttyS0.
[[0;32m  OK  [0m] Reached target Login Prompts.
[953]: |      o .+.o*    |
[[0;32m  OK  [0m] Started Set console scheme.
[   28.850669] cloud-init[953]: +----[SHA256]-----+
[[0;32m  OK  [0m] Started LXD - container startup/shutdown.
[   28.881555] cloud-init[953]: Generating public/private ecdsa key pair.
[   28.929120] cloud-init[953]: Your identification has been saved in /etc/ssh/ssh_host_ecdsa_key.
[   28.984113] cloud-init[953]: Your public key has been saved in /etc/ssh/ssh_host_ecdsa_key.pub.
[   29.039772] cloud-init[953]: The key fingerprint is:
[   29.065949] cloud-init[953]: SHA256:GTWW6IvDRLvNp+I/65NZtz+P3s4RGtTVbAvQFenXdvI root@ubuntu-xenial
[   29.093122] cloud-init[953]: The key's randomart image is:
[   29.106455] cloud-init[953]: +---[ECDSA 256]---+
[   29.132899] cloud-init[953]: |         .+oo .+=|
[   29.157509] cloud-init[953]: |      . .o.. o..=|
[   29.177260] cloud-init[953]: |     . o.    .ooo|
[   29.203198] cloud-init[953]: |      o .o  . .o=|
[   29.221205] cloud-init[953]: |     o =S.   . =o|
[   29.242152] cloud-init[953]: |      = + o . o E|
[   29.271137] cloud-init[953]: |       . * . o . |
[   29.308109] cloud-init[953]: |      . *   . .+.|
[   29.326049] cloud-init[953]: |     ..+++   o++=|
[   29.349966] cloud-init[953]: +----[SHA256]-----+
[   29.374640] cloud-init[953]: Generating public/private ed25519 key pair.
[   29.393678] cloud-init[953]: Your identification has been saved in /etc/ssh/ssh_host_ed25519_key.
[   29.408815] cloud-init[953]: Your public key has been saved in /etc/ssh/ssh_host_ed25519_key.pub.
[   29.427739] cloud-init[953]: The key fingerprint is:
[   29.457303] cloud-init[953]: SHA256:+QkZ9UTnfo18LNZHqUGwbqDIpnb5Xd1hJmjt+KxGc0I root@ubuntu-xenial
[   29.471444] cloud-init[953]: The key's randomart image is:
[   29.487319] cloud-init[953]: +--[ED25519 256]--+
[[0;32m  OK  [0m] Started Snap Daemon.
[   29.509348] cloud-init[953]: |          .o+..  |
[   29.548421]          Starting Wait until snapd is fully seeded...
cloud-init[953]: |         . ooo  .|
[   29.578772] cloud-init[953]: |        .. ......|
[   29.601012] cloud-init[953]: |    . . .+oEooo=.|
[   29.631850] cloud-init[953]: |     + .S .= +*+B|
[   29.672436] cloud-init[953]: |    o .  oo=+o=+o|
[   29.694037] cloud-init[953]: |   o o    +o+o . |
[   29.752407] cloud-init[953]: |  . . . . ..o    |
[   29.775802] cloud-init[953]: |       . ....o   |
[   29.795613] cloud-init[953]: +----[SHA256]-----+
[[0;32m  OK  [0m] Started Pollinate to seed the pseudo random number generator.
         Starting OpenBSD Secure Shell server...
[[0;32m  OK  [0m] Started OpenBSD Secure Shell server.
[[0;32m  OK  [0m] Created slice User Slice of vagrant.
         Starting User Manager for UID 1000...
[[0;32m  OK  [0m] Started Session 1 of user vagrant.
[[0;32m  OK  [0m] Started User Manager for UID 1000.
[   34.686263] cloud-init[1497]: Generating locales (this might take a while)...

Ubuntu 16.04.7 LTS ubuntu-xenial ttyS0

ubuntu-xenial login: [   36.952397] cloud-init[1497]:   en_US.UTF-8... done
[   36.957850] cloud-init[1497]: Generation complete.
[   37.521869] cloud-init[1497]: Cloud-init v. 21.1-19-gbad84ad4-0ubuntu1~16.04.2 running 'modules:config' at Sun, 19 Jan 2025 20:47:51 +0000. Up 34.42 seconds.
ci-info: no authorized SSH keys fingerprints found for user ubuntu.
<14>Jan 19 20:47:55 ec2: 
<14>Jan 19 20:47:55 ec2: #############################################################
<14>Jan 19 20:47:55 ec2: -----BEGIN SSH HOST KEY FINGERPRINTS-----
<14>Jan 19 20:47:55 ec2: 1024 SHA256:utxE5lHe+Itmkkxj7e+ZlECggVt+lhU948dNnANqgu0 root@ubuntu-xenial (DSA)
<14>Jan 19 20:47:55 ec2: 256 SHA256:GTWW6IvDRLvNp+I/65NZtz+P3s4RGtTVbAvQFenXdvI root@ubuntu-xenial (ECDSA)
<14>Jan 19 20:47:55 ec2: 256 SHA256:+QkZ9UTnfo18LNZHqUGwbqDIpnb5Xd1hJmjt+KxGc0I root@ubuntu-xenial (ED25519)
<14>Jan 19 20:47:55 ec2: 2048 SHA256:RtJBiMNno0ZD4a2jfcgfiwb/9mYoyJfE5KWi834aEYM root@ubuntu-xenial (RSA)
<14>Jan 19 20:47:55 ec2: -----END SSH HOST KEY FINGERPRINTS-----
<14>Jan 19 20:47:55 ec2: #############################################################
-----BEGIN SSH HOST KEY KEYS-----
ecdsa-sha2-nistp256 AAAAE2VjZHNhLXNoYTItbmlzdHAyNTYAAAAIbmlzdHAyNTYAAABBBJ9sE4jxqONvxIx7AgoGQAKzgjCEbarCefPJxEvsS5nru6uU5jH3Hn9YhvxE2roqQT+D/66wdCBR3ynXFah9K+s= root@ubuntu-xenial
ssh-ed25519 AAAAC3NzaC1lZDI1NTE5AAAAIKcjd+7uThO/zH8QK6f1HYrAZw9YmZp4wX24WzEVpgCJ root@ubuntu-xenial
ssh-rsa AAAAB3NzaC1yc2EAAAADAQABAAABAQCzmYmmtd/ZEsGg7LRrYVo1p7JJ6qLd8S4E97YdSUug6nFrtxwVjVrPF790yHa6ukejv1mpDF91YGWi9XyuOPKAUUi+6enXXz5rfKPGFKrWZXvvk3HZl9+DKi1VDyAQrN7++/1VM+HG6bOEsT7VZDIYAFNmI5AiA/nTnFetNMbNs0u5rBtcIkruK4pearlFHaXAoXe9mNac52VgTQ/WkHoHdtR9SFNeyXhWgc+Qy6+eVw19EYV1K9OPgAuJjaautLWQPN51krr/xK8EMMMTq1SW41w+O3zDxd90Y6g0zFa602pLUqUP6HfbdO7orR68ZPzSxG/nakvRc7IPgNTG167L root@ubuntu-xenial
-----END SSH HOST KEY KEYS-----
[   38.526571] cloud-init[1666]: Cloud-init v. 21.1-19-gbad84ad4-0ubuntu1~16.04.2 running 'modules:final' at Sun, 19 Jan 2025 20:47:55 +0000. Up 38.17 seconds.
[   38.529529] cloud-init[1666]: ci-info: no authorized SSH keys fingerprints found for user ubuntu.
[   38.530412] cloud-init[1666]: Cloud-init v. 21.1-19-gbad84ad4-0ubuntu1~16.04.2 finished at Sun, 19 Jan 2025 20:47:55 +0000. Datasource DataSourceNoCloud [seed=/dev/sdb][dsmode=net].  Up 38.50 seconds
